<?xml version="1.0" encoding="UTF-8"?>
<!-- Generated by org.testng.reporters.JUnitReportReporter -->
<testsuite hostname="DESKTOP-G4QHCGN" failures="0" tests="4" name="CodenBox" time="2.157" errors="0" timestamp="2025-04-26T20:20:03 EET" skipped="0">
  <testcase classname="CodenBox" name="myTest" time="1.260"/>
  <testcase classname="CodenBox" name="selectTag" time="0.176"/>
  <testcase classname="CodenBox" name="CheckBox" time="0.305"/>
  <testcase classname="CodenBox" name="TableTask" time="0.416"/>
</testsuite> <!-- CodenBox -->
