<?xml version="1.0" encoding="UTF-8"?>
<!-- Generated by org.testng.reporters.JUnitReportReporter -->
<testsuite hostname="DESKTOP-G4QHCGN" failures="0" tests="7" name="myTest" time="4.080" errors="0" timestamp="2025-04-18T17:43:33 EET" skipped="2">
  <testcase classname="myTest" name="login" time="0.423"/>
  <testcase classname="myTest" name="AddAllItems" time="0.543"/>
  <testcase classname="myTest" name="RemoveAllItems" time="2.879"/>
  <testcase classname="myTest" name="Task" time="0.131"/>
  <testcase classname="myTest" name="Task1" time="0.104"/>
  <testcase classname="myTest" name="removeItemFromTheCart">
    <skipped/>
  </testcase> <!-- removeItemFromTheCart -->
  <testcase classname="myTest" name="Logout">
    <skipped/>
  </testcase> <!-- Logout -->
</testsuite> <!-- myTest -->
