<?xml version="1.0" encoding="UTF-8"?>
<!-- Generated by org.testng.reporters.JUnitReportReporter -->
<testsuite hostname="DESKTOP-G4QHCGN" failures="0" tests="8" name="myTest" time="4.031" errors="0" timestamp="2025-05-02T20:53:52 EET" skipped="1">
  <testcase classname="myTest" name="login" time="0.471"/>
  <testcase classname="myTest" name="AddAllItems" time="0.567"/>
  <testcase classname="myTest" name="RemoveAllItems" time="2.450"/>
  <testcase classname="myTest" name="Task" time="0.130"/>
  <testcase classname="myTest" name="Task1" time="0.115"/>
  <testcase classname="myTest" name="Task2" time="0.150"/>
  <testcase classname="myTest" name="Task3" time="0.148"/>
  <testcase classname="myTest" name="Logout">
    <skipped/>
  </testcase> <!-- Logout -->
</testsuite> <!-- myTest -->
